<?xml version="1.0" encoding="UTF-8"?>
<!-- Generated by org.testng.reporters.JUnitReportReporter -->
<testsuite hostname="DESKTOP-51T2RU2" failures="0" tests="2" name="Tests.StaticDropdownTest" time="14.773" errors="0" timestamp="2023-03-06T17:02:20 IST" skipped="0">
  <testcase classname="Tests.StaticDropdownTest" name="printSelectedDropdown" time="8.026"/>
  <system-out/>
  <testcase classname="Tests.StaticDropdownTest" name="selectFropdown" time="6.747"/>
  <system-out/>
</testsuite> <!-- Tests.StaticDropdownTest -->
