<?xml version="1.0" encoding="UTF-8"?>
<!-- Generated by org.testng.reporters.JUnitReportReporter -->
<testsuite hostname="DESKTOP-51T2RU2" failures="0" tests="2" name="Tests.RadioButtonsTest" time="14.042" errors="0" timestamp="2023-05-03T17:02:30 IST" skipped="0">
  <testcase classname="Tests.RadioButtonsTest" name="totalCountOfRadioButton" time="4.717"/>
  <system-out/>
  <testcase classname="Tests.RadioButtonsTest" name="selectRadioButton" time="9.325"/>
  <system-out/>
</testsuite> <!-- Tests.RadioButtonsTest -->
