<?xml version="1.0" encoding="UTF-8"?>
<!-- Generated by org.testng.reporters.JUnitReportReporter -->
<testsuite hostname="DESKTOP-51T2RU2" failures="0" tests="2" name="Tests.dependsOnMethod" time="0.017" errors="0" timestamp="2023-04-26T17:04:11 IST" skipped="0">
  <testcase classname="Tests.dependsOnMethod" name="SignIn" time="0.003"/>
  <system-out/>
  <testcase classname="Tests.dependsOnMethod" name="OpenBrowser" time="0.014"/>
  <system-out/>
</testsuite> <!-- Tests.dependsOnMethod -->
