<?xml version="1.0" encoding="UTF-8"?>
<!-- Generated by org.testng.reporters.JUnitReportReporter -->
<testsuite hostname="DESKTOP-51T2RU2" failures="0" tests="1" name="Tests.AutoSuggestiveDropdownTest" time="11.263" errors="0" timestamp="2023-04-28T13:56:34 IST" skipped="0">
  <testcase classname="Tests.AutoSuggestiveDropdownTest" name="enterText" time="11.263"/>
  <system-out/>
</testsuite> <!-- Tests.AutoSuggestiveDropdownTest -->
