<?xml version="1.0" encoding="UTF-8"?>
<!-- Generated by org.testng.reporters.JUnitReportReporter -->
<testsuite hostname="DESKTOP-51T2RU2" failures="0" tests="1" name="Tests.AutoSuggestiveDropdownTest" time="10.266" errors="0" timestamp="2023-03-06T17:02:20 IST" skipped="0">
  <testcase classname="Tests.AutoSuggestiveDropdownTest" name="enterText" time="10.266"/>
  <system-out/>
</testsuite> <!-- Tests.AutoSuggestiveDropdownTest -->
