<?xml version="1.0" encoding="UTF-8"?>
<!-- Generated by org.testng.reporters.JUnitReportReporter -->
<testsuite hostname="DESKTOP-51T2RU2" failures="0" tests="2" name="Tests.StaticDropdownTest" time="23.993" errors="0" timestamp="2023-04-28T13:56:34 IST" skipped="0">
  <testcase classname="Tests.StaticDropdownTest" name="selectFropdown" time="14.286"/>
  <system-out/>
  <testcase classname="Tests.StaticDropdownTest" name="printSelectedDropdown" time="9.707"/>
  <system-out/>
</testsuite> <!-- Tests.StaticDropdownTest -->
