<?xml version="1.0" encoding="UTF-8"?>
<!-- Generated by org.testng.reporters.JUnitReportReporter -->
<testsuite hostname="DESKTOP-51T2RU2" failures="0" tests="1" name="Tests.SwitchNewTabTest" time="11.231" errors="0" timestamp="2023-03-06T17:02:20 IST" skipped="0">
  <testcase classname="Tests.SwitchNewTabTest" name="getTitleOfChildWindow" time="11.231"/>
  <system-out/>
</testsuite> <!-- Tests.SwitchNewTabTest -->
