<?xml version="1.0" encoding="UTF-8"?>
<!-- Generated by org.testng.reporters.JUnitReportReporter -->
<testsuite hostname="DESKTOP-51T2RU2" failures="0" tests="2" name="Tests.CheckboxTest" time="20.451" errors="0" timestamp="2023-04-28T13:56:34 IST" skipped="0">
  <testcase classname="Tests.CheckboxTest" name="selectCheckbox" time="11.737"/>
  <system-out/>
  <testcase classname="Tests.CheckboxTest" name="getCheckboxCount" time="8.714"/>
  <system-out/>
</testsuite> <!-- Tests.CheckboxTest -->
