<?xml version="1.0" encoding="UTF-8"?>
<!-- Generated by org.testng.reporters.JUnitReportReporter -->
<testsuite hostname="DESKTOP-51T2RU2" failures="0" tests="2" name="Tests.StaticDropdownTest" time="11.286" errors="0" timestamp="2023-04-14T22:28:41 IST" skipped="0">
  <testcase classname="Tests.StaticDropdownTest" name="printSelectedDropdown" time="5.713"/>
  <system-out/>
  <testcase classname="Tests.StaticDropdownTest" name="selectFropdown" time="5.573"/>
  <system-out/>
</testsuite> <!-- Tests.StaticDropdownTest -->
