<?xml version="1.0" encoding="UTF-8"?>
<!-- Generated by org.testng.reporters.JUnitReportReporter -->
<testsuite hostname="DESKTOP-51T2RU2" failures="0" tests="2" name="Tests.StaticDropdownTest" time="15.207" errors="0" timestamp="2023-03-06T15:40:11 IST" skipped="0">
  <testcase classname="Tests.StaticDropdownTest" name="selectFropdown" time="7.361"/>
  <system-out/>
  <testcase classname="Tests.StaticDropdownTest" name="printSelectedDropdown" time="7.846"/>
  <system-out/>
</testsuite> <!-- Tests.StaticDropdownTest -->
