<?xml version="1.0" encoding="UTF-8"?>
<!-- Generated by org.testng.reporters.JUnitReportReporter -->
<testsuite hostname="DESKTOP-51T2RU2" failures="0" tests="1" name="Tests.SwitchNewTabTest" time="12.367" errors="0" timestamp="2023-04-14T22:28:41 IST" skipped="0">
  <testcase classname="Tests.SwitchNewTabTest" name="getTitleOfChildWindow" time="12.367"/>
  <system-out/>
</testsuite> <!-- Tests.SwitchNewTabTest -->
